process_radtags v2.55, executed 2021-01-22 19:48:01 (zlib-1.2.8)
process_radtags --paired -1 ../Rawdata/P1_1/P1_1_CKDL190143248-1a-1_H723VBBXX_L8_1.fq.gz -2 ../Rawdata/P1_1/P1_1_CKDL190143248-1a-1_H723VBBXX_L8_2.fq.gz -b ../info/barcodes_lane1_1.tsv -o /scratch/phyletica/distichus/samples/ --renz_1 sbfI --renz_2 mspI --inline_null -c -q -r
File	Retained Reads	Low Quality	Barcode Not Found	RAD cutsite Not Found	Total
P1_1_CKDL190143248-1a-1_H723VBBXX_L8_1.fq.gz	60776264	35581	2430414	1646975	64889234

Total Sequences	64889234
Barcode Not Found	2430414
Low Quality	35581
RAD Cutsite Not Found	1646975
Retained Reads	60776264

Barcode	Filename	Total	NoRadTag	LowQuality	Retained
AACCA	JASIL3230	4330378	76835	2458	4251085
AATTA	209	4117618	75342	2376	4039900
ACGGT	5593	3262220	80607	1896	3179717
ACTTC	JASIL3075	4549830	48917	2579	4498334
ATACG	5078	2030140	93000	1163	1935977
ATTAC	9762	3678898	91536	2155	3585207
CATAT	9840	2870220	96060	1575	2772585
CGATC	8304	1606260	42976	897	1562387
CGGTA	JASIL3084	2269250	81087	1186	2186977
CGTCG	9837	2244090	51529	1260	2191301
CTGCG	5083	2374206	39349	1413	2333444
CTTGG	JASIL3082	2253742	81183	1310	2171249
GAGAT	4823	2984086	84571	1790	2897725
GCATG	JASIL3373	2580098	82865	1484	2495749
GCTGA	671	2858664	73525	1635	2783504
GGCCA	4822	3021166	55439	1713	2964014
GTAGT	8331	1546022	60825	875	1484322
GTCGA	8302	1303358	34711	742	1267905
TACCG	9833	1930254	74910	1127	1854217
TATAC	677	3026690	44169	1723	2980798
TCACG	8306	1011438	35100	512	975826
TCAGT	8179	2328850	86479	1280	2241091
TGCAT	8180	1682218	72096	890	1609232
TTACC	670	2599124	83864	1542	2513718

Sequences not recorded
Barcode	Total
ATATT	59474
CTGAT	58924
TACGT	52912
CTTCT	47762
TAGTT	46112
ACCAT	45474
CAGTT	41414
CACGT	39954
CTATT	32032
CTGGT	30210
GGTAT	28636
AACAT	28532
ACTCT	26834
GCCAT	25182
CTCGT	22806
ATTCT	22298
TTGGT	20918
CGCGT	19500
TCGTT	19132
AGATT	18954
CAATT	18664
TTCCT	17024
GATCT	15550
GTGTT	13944
TGATT	12970
TAACT	12106
AACGT	12048
AGGTT	11794
TCGAT	9650
GATGT	8798
GGATT	8544
TGGTG	8538
GAATT	8212
AAAAA	8086
CAGAA	7956
ATCGT	7560
TATTG	7558
ACGTG	6960
AAAAT	6856
AGAAA	6704
TATCT	6652
AGAAG	6448
TTCTG	6444
CAGCA	6426
TGCTG	6206
CTTTA	6186
CATCA	6146
AGTTG	6092
AGCAA	5838
ACCAG	5808
CAAAA	5734
TTTTT	5692
ATTTT	5572
TGATG	5562
ACCAA	5556
GCCAG	5550
ATAAA	5514
CAATA	5406
ACCTG	5376
CATGA	5334
TTATG	5324
ATTCA	5306
AAATT	5302
AAGAA	5282
AAAAC	5202
TAAAG	5144
AAATG	5138
ATCTG	5022
GAAAA	5012
TTTAG	4980
AAAGC	4926
GCTAT	4816
TCAAA	4802
AACAG	4790
GCCAA	4732
TTAAT	4710
TAAAA	4666
TTTAT	4656
TTTCT	4634
AGCTT	4626
AAGAG	4582
TAATT	4580
AAGCT	4558
ATCAG	4532
TTTTG	4490
ATTTG	4488
ACCTT	4392
AAAAG	4390
GCTTT	4378
AATCT	4346
TTAAA	4334
CCATA	4324
CTGAA	4320
TCTGC	4298
ATGAA	4274
TATCA	4270
TTTGA	4268
CAAGA	4250
AGCAG	4236
TACTT	4216
GATTG	4210
GGAAA	4194
GTTTT	4176
TGGTT	4170
TGGCG	4152
AAAGA	4140
TTGGA	4120
AATGC	4104
TTTAA	4092
TTCTT	4074
TCTTG	4074
CCAGC	4060
AGATA	4058
TATGG	4050
ATAAT	4040
TTCCA	4012
ATCAA	3998
CAAGC	3990
ATGAG	3984
CAACA	3980
TATTT	3978
GAAAC	3974
AATAG	3972
TTATT	3966
TCAAC	3956
GCAAT	3950
AAACC	3944
TTGCT	3942
GATAA	3926
GGCGT	3924
TGAGA	3912
ATGCT	3902
TTTTA	3900
CCAAA	3896
TTGCA	3888
CTGGC	3872
TAATG	3840
TCCTT	3832
AAGGA	3826
TCTTT	3818
GTCAG	3786
AACTG	3778
AAATC	3762
GCCAC	3760
TCATC	3722
CTCTT	3714
GTTAT	3686
TGTTG	3612
GGTTA	3610
TTGAC	3608
CTAAA	3602
TAATA	3580
CTGAC	3560
CATTG	3556
CGGAT	3552
ACAAA	3528
CTCAA	3526
AGATG	3520
AACGC	3512
ACATT	3510
AACTT	3504
GGTTG	3498
GAAGG	3492
CGTTT	3484
CAAAC	3464
CTGGA	3464
CCTTT	3442
TCATA	3440
ACTCA	3436
TGATA	3428
TAAAT	3426
AATGT	3424
TAATC	3416
CGTGT	3400
GTTTG	3398
CTTAA	3394
GATTT	3372
CTGTT	3358
TTGTT	3356
CGACT	3348
TCGTG	3332
AAGTT	3320
TAAGC	3310
ATATC	3302
TGTTT	3270
GTCAT	3266
ATGGC	3260
CTCAT	3258
TTTTC	3256
ACATA	3252
GGCAG	3252
GACGC	3242
TTCAG	3234
AACGG	3228
ATCAT	3210
TGGTC	3210
CTTTT	3208
CGGAG	3204
TGCGG	3202
CAACC	3198
AGTAA	3188
AAAGT	3184
ATGTT	3182
TGTTC	3154
TTAAG	3150
ATCCT	3144
TTGAA	3144
AAAGG	3138
GTTCT	3128
ACCCT	3114
GTTAA	3106
CGCTT	3100
ATGAT	3096
AGGAA	3094
TCCAA	3084
GAACG	3072
AATCC	3068
AAACT	3058
CCAGA	3058
CAAAG	3046
AGCCT	3032
AGTAT	3014
GAAGC	2978
TAGCA	2974
AGTAG	2972
TGGCA	2964
AAGCG	2964
CCAAG	2942
TTGAG	2940
TTATA	2938
GAACA	2928
ACGAA	2922
GATGC	2922
GAAGA	2920
GCTAC	2890
GTTCA	2884
AGTCA	2866
AATGG	2836
CGCAA	2836
GCGTT	2830
TAACA	2818
GTTTA	2798
GAGGC	2790
GTAAA	2788
TTTGT	2784
CTTTC	2772
AGCGT	2770
TTGGG	2770
GGCTG	2768
CTTCC	2764
TGTTA	2756
GCAAC	2756
AAGGC	2744
TTGAT	2738
TTGGC	2728
TTCTC	2726
CATCC	2710
ATCTC	2710
GCAGC	2710
CCTCA	2698
TGTAG	2696
TTCAA	2688
AAGTC	2684
GCAAA	2674
AGCGG	2672
GCGGC	2656
GACTT	2652
AGAAC	2646
GAGCG	2626
CCTGC	2622
ACACT	2620
CATTC	2610
TGAAC	2608
AGGCT	2600
TATGT	2578
CAACG	2578
CGAAG	2574
GCCTC	2572
GTTTC	2560
AGAAT	2558
ATGCC	2558
TTAGA	2544
GTTGC	2542
CATGC	2538
CAACT	2536
ATGCA	2534
GGTAA	2528
CCAAC	2520
TTTGC	2516
CAGCT	2514
ATGGA	2512
GTGGC	2512
ATTGT	2502
ACCGC	2500
TCCTG	2496
CCGTC	2482
TGGAA	2478
GCCGT	2470
GCCGC	2466
TGACT	2442
CCTTG	2434
GAATC	2424
TCGTC	2422
GATGG	2420
TGAGG	2418
TGCTA	2410
AGAGC	2408
CTACT	2404
CGCTG	2402
CAGGA	2400
CAAGG	2394
CGTGA	2388
CCAAT	2384
CTTCA	2376
GACGG	2352
CAATG	2350
CCATT	2344
GTGCT	2336
GCCTT	2336
CTAAT	2334
TCTCA	2334
TCTCT	2332
CGGCT	2330
TGAAA	2324
CTACA	2320
AGACA	2320
CGTAC	2316
ACGCA	2306
GAGCA	2304
ACTGG	2292
TCTAA	2290
TGGCT	2252
AGTTT	2252
GAGGG	2246
ATAGA	2242
ACCGG	2214
TGCTC	2202
CCCTC	2200
ATCTT	2200
GACTG	2192
GGCGG	2190
AGAGA	2188
TGGAG	2188
ATTGA	2186
CGGGG	2186
CTCCT	2180
AAGCC	2174
TGTCT	2172
GGTTT	2172
CAGTC	2162
GAAAG	2160
TGACA	2138
ACGAC	2132
GGCTT	2132
ACAGA	2126
CGAGA	2118
CTCCA	2118
AGCAC	2114
CCTCC	2112
GTATC	2108
TCTTA	2094
GGAGG	2088
AGCTG	2084
CACCT	2080
GCTCT	2072
TAAGA	2068
CTCAG	2068
CAGCC	2066
ATAGC	2060
AACAC	2052
CAAGT	2042
TAGTG	2028
GAATA	2028
GAGTA	2022
AGGAT	2018
GATTC	2018
GACGT	2016
TGGCC	2010
AAGTG	2010
TACGC	2010
CCACT	2006
ACAAT	1990
GGAAG	1980
GTCTT	1974
AGCGA	1972
AGCGC	1962
GGCGC	1954
CACGA	1954
AGGAG	1952
ACCAC	1952
TAGAG	1936
AGACC	1936
CTATG	1934
TGAGC	1934
TCTGG	1924
ACGCC	1906
CAGTG	1904
TTCGG	1898
GTCTG	1884
AGTCC	1878
CCGCT	1874
ACTAT	1868
CGCAG	1852
TGAAG	1852
AGCTC	1842
ATGTC	1836
GCTCG	1832
GCGTA	1828
TGTCA	1828
CCACC	1816
CACGC	1816
TTTCA	1804
GAACT	1796
TCCAG	1788
TTCGT	1788
GGTAG	1786
GGACT	1786
GTTCG	1786
ATCGG	1786
GACCC	1784
TTAGG	1774
CGTGC	1768
CTCTA	1766
GAGTG	1756
ATGTG	1754
GTAAC	1754
AATCG	1750
AAGAC	1730
TCCGG	1728
GTCCT	1726
CACTG	1724
GTGAC	1722
CAGGT	1716
AGGTG	1716
CTCAC	1716
GTGCC	1712
GGATA	1710
TCGGC	1710
GGGAG	1710
CACTT	1708
CGAAA	1708
TTTCG	1702
TACTC	1698
AGTGG	1694
AGGCC	1674
ACAGG	1668
CAGGG	1664
TGCGA	1654
GGTCT	1654
TAGCC	1652
GTCAC	1650
ACGCG	1648
GAACC	1646
GCGTC	1644
AGGCG	1642
AGACT	1626
ATCGC	1616
AGAGG	1614
GCGAG	1614
CAGGC	1608
TCGAG	1604
GCGAA	1600
TCCAC	1592
CCCTG	1588
CACAA	1586
AACTC	1582
TCTAT	1570
TAAGG	1566
GGACG	1560
CTGTC	1560
AGTGT	1560
CCTGT	1560
GTGAG	1556
GGTGG	1552
ACGAG	1550
TGGAC	1550
GACTC	1536
AGGCA	1532
GACCT	1530
TATGA	1530
GGAGA	1526
TGGGA	1518
TTCAC	1514
GGCTC	1514
CGGAC	1496
CGGCC	1494
TCCTA	1494
CCGTT	1492
TTGTG	1492
ACTAA	1488
GCGAC	1486
CCTAA	1482
GGTGC	1478
CGCCT	1474
CCCAA	1474
ACGTA	1464
GGAAC	1458
GAGTC	1456
GACAG	1456
CGGGT	1454
CCTCT	1452
GACAA	1450
ATATA	1448
GTTCC	1442
CCACA	1442
ACAGC	1438
CGGGC	1424
GAGCC	1418
CACTC	1418
GTCCG	1412
AGCCG	1410
CCGCC	1400
AGAGT	1394
CCGTG	1392
CCGAC	1388
TCCCA	1382
TAGGG	1378
GCACC	1376
TAGAA	1364
GCTCC	1356
CGCGG	1354
GCGCC	1354
GTGAA	1352
TGCGC	1350
CACTA	1350
AGTCT	1350
GCGCA	1340
ACAAC	1336
CTCGC	1334
GGCAC	1334
TAGGA	1330
TCCCC	1320
TACGA	1316
GCGCT	1310
GGTTC	1310
ATCCC	1290
CACAC	1286
CGCGA	1284
AGGAC	1284
GAGGA	1282
GGGGA	1280
CTAAC	1276
TCGAA	1274
CCCCT	1268
GACTA	1268
TACAA	1264
CCTTA	1260
ACCGA	1258
TGTGC	1256
TAGCT	1252
CCTAC	1250
GCCCT	1244
TACTA	1236
AGCTA	1236
TTCGC	1234
GTAAG	1234
TCTCC	1226
TCCCT	1226
ATGGG	1222
CGAAT	1216
GGTAC	1210
GTGTG	1210
GCACA	1202
ACCTA	1200
TAGTC	1194
TCGCT	1190
CAGAC	1172
CCGAA	1166
TTGTC	1160
GTTAG	1138
TTCTA	1128
GTCCC	1128
TGTCC	1126
CTCCC	1114
CAGAG	1110
TCCTC	1108
NTACT	1106
GGGAA	1100
AGGTC	1098
TCGCC	1096
CGTAA	1090
CTCTC	1090
ATCTA	1090
TGTGG	1088
TGTGA	1082
GGAGC	1080
CGAGG	1072
ATGTA	1070
CCGCA	1066
AGTGC	1058
TAGTA	1058
ACAAG	1052
ACACC	1032
GTATA	1028
GCCTA	1010
TAGGT	998
CCGGC	988
AGTGA	986
CCCTT	970
CTATA	968
GGGTT	964
AGGGA	958
TTGTA	956
CGACA	952
CCGGA	944
CGAGT	942
CCCAT	938
TCGTA	938
TCGCA	916
GTGCA	908
CCCTA	908
CCGAT	886
CACAG	886
TGGGG	884
CCCGA	884
AAGGG	882
CCGAG	878
TCCGC	876
GGGGC	858
GTCTC	850
TAGGC	836
GTGTA	826
NTATT	812
ACTCG	812
TGCCC	810
CTCTG	800
GGGTC	786
CACGG	778
NACGT	766
CCCCA	764
ACACA	754
CTAAG	748
NAGTT	742
TGTAA	736
GCACT	732
GGTGT	730
TCGGG	726
CCCCC	724
CCTAG	722
AGGGC	720
TGGGT	706
GGGCG	702
CGCCC	700
GCCCC	694
NTGAT	688
TCGAC	660
GATCA	658
ACCCC	656
CTAGA	646
TCCGA	644
NCCAT	636
CCCAG	630
CGCGC	626
CCAGG	622
GGGAC	618
AGGGG	614
CACCC	610
NACCT	596
CCCGG	592
GTGTC	586
GCCGG	576
GTACA	566
TCGGA	562
TGGGC	556
NTTCT	548
NTTAT	530
TCTAG	518
GGAAT	514
NGGTT	510
GCCCG	508
NCGAT	508
TGTGT	502
CCCGT	500
NCCGT	492
GATAG	492
NTGGT	492
GGGTG	480
GACAC	480
GGGCC	478
NCATT	476
GCGCG	464
GATCC	454
GATCG	448
GGTCC	438
GGGGG	428
GGACC	408
NTCGT	408
ACCCG	404
GGGGT	382
NGCGT	368
NCGTT	358
CCCCG	356
NGATT	330
CCGGG	310
NATCT	310
NAATT	310
ACTAG	304
NGTAT	290
AGCCC	286
NATGT	266
NACAT	244
GCTAG	228
CGCAC	220
NCTCT	218
NCTGT	210
CCCAC	206
GGGCT	200
NGTCT	184
NTTGT	184
NTCCT	176
NAACT	172
NTGTT	160
NAAAA	132
NCGTG	132
NATTT	132
NGCAA	132
NAAAT	130
NTTAA	120
NAATC	118
NAAAC	116
NTTGA	116
NAGAA	116
NAAGC	114
NACTG	114
NAATA	114
NGTTG	114
NACTT	112
NTCAA	112
NTGCT	110
NGATG	110
NTTGC	110
NGAAA	110
NAGCA	108
NTATG	108
NTGGA	108
NCAAT	108
NCTTT	106
NGTCA	104
NATAA	104
NCCAA	104
NGGTG	102
NATGA	102
NAAGA	100
NAATG	98
NGGAA	98
NTTTT	98
NATTG	96
NTTTG	96
NTCCA	96
NGATA	94
NAAAG	94
NGCTT	92
NAACC	90
NCATA	90
NTTTC	90
NTCAG	90
CTAGC	88
NCCAG	88
NCTGC	88
NGCTG	88
NCAGA	86
NTTTA	86
NGTTT	86
NCCTG	86
NCAGC	84
NCTCA	84
NATCA	84
NGCAG	84
NAACA	84
NGAAT	84
NTGGC	82
NCTTA	82
NGTTC	82
NAGTA	80
NTCAT	80
NTGAC	80
NACGC	78
NCAAA	78
NTCTG	78
NATGC	78
NCTGG	78
NGAAG	78
NTGCA	76
NCTTG	76
NAGCG	72
NTTAG	72
NCTAA	72
NAACG	72
NGGCA	72
NGGAG	72
NTAAC	70
NTAAA	70
NAAGG	70
NATAG	70
NGCTC	68
NTTCC	68
NACTA	66
GTGGG	66
NACAA	66
NTGGG	66
NAGGT	66
NTAAT	66
NGTAA	66
NATCG	66
NTCTT	66
NTGAA	66
NGCCG	66
NGACC	66
NTAGC	64
NGGCT	64
NGAGA	64
NGACT	64
NGACG	64
NCCTT	64
NACCC	64
NCAAC	64
NATCC	64
NGAGC	62
NCACC	62
NCAAG	62
NGGAT	62
NATTC	62
NTCGG	62
NAGAG	62
NTCAC	62
NAGCT	60
NTATC	60
NTACA	60
NGTAG	60
NTTCA	60
NGCGA	60
NAGTC	60
GCGGG	60
NGTTA	58
NGGGT	58
NGGCG	58
NTCCC	58
NCTAT	58
NCGGC	58
NATGG	58
NGTGC	56
NTGAG	56
NTGCC	56
NCACT	54
NTAAG	54
NCAGG	54
NAGCC	54
NAGAC	54
NACGG	52
NGCCT	52
NCGTC	52
NGCGG	52
NCACA	52
NAGTG	50
NTATA	50
NGGCC	50
NTTCG	50
NGGTC	48
NCATC	48
NTCTC	48
NAAGT	48
NCCAC	48
CCCGC	48
NACTC	46
NACGA	46
NAGGA	46
NGAGT	46
NCGAG	46
NCCTC	44
NGAAC	44
NCGCA	44
NGTCC	44
NAGGG	44
NGAGG	42
NTAGA	42
NAGGC	42
NGGAC	40
NCTCC	40
NGTGT	40
NCTAC	40
NCCCT	40
NCCGA	40
NTCGC	40
NGCTA	38
NTCCG	38
NGGGA	38
NTGTG	36
NCGCC	36
NCCGG	36
NGTGG	36
NTAGG	34
NTCTA	34
NGTGA	34
NGACA	34
NCGGG	34
NCGAC	34
NCGCT	32
NGCGC	32
NTGTC	32
NCCGC	32
NGTAC	30
NCGAA	30
NTGTA	30
NACAG	30
NGCAC	28
NGGGG	26
NCCCA	26
NACAC	26
NCGCG	24
NGCCC	24
NCGTA	22
NCGGA	20
ANCAT	18
NGGGC	18
NCCTA	16
TNCGT	14
NCTCG	14
TNCCT	14
TNACT	14
ANACT	12
CNTCT	12
NCCCG	10
ANATT	10
GNTAT	10
CNGTT	10
ANTCT	10
ANGAA	8
CNCCA	8
NCCCC	8
TNGTT	6
ANTTT	6
NCTAG	6
CNGGT	6
GNATT	6
CNTCC	6
ANATG	6
GNGTT	6
ANTAA	6
ANTAT	6
ANCGT	6
CNACT	4
GNGGC	4
ATNCT	4
TNCTT	4
GNTAA	4
TNATT	4
ANACA	4
CNAGA	4
CNTTA	4
GGNAT	4
ANAAA	4
GNTGT	4
ANCTT	4
ANGCT	4
ANGTT	4
ANGGA	4
ANACC	4
TNTCC	4
GNCTA	4
CNCGT	4
GNCTG	4
CNTGA	4
GNACT	4
CNGGA	4
TNTCT	4
GNAAC	4
TNAAC	4
ANATC	4
GNCAC	4
CNGCA	4
TNAGA	4
CNATT	4
ACNTT	2
TNTAT	2
TNCGC	2
TNGGT	2
CANTG	2
GANTT	2
TTNGG	2
GANGT	2
GANGC	2
TTNTC	2
ACNAT	2
ATNGA	2
TNCTG	2
TNTCA	2
TNTGA	2
TNTAG	2
AANGA	2
TNGTG	2
TNGTC	2
TNTGG	2
TNGGC	2
TNTTC	2
TNGCC	2
CTNGT	2
CNTTT	2
CNTTG	2
AANCC	2
ANAAT	2
ANAAC	2
TNCGG	2
AANAA	2
AGNGT	2
AGNCG	2
CTNAG	2
ANGAT	2
GNCCT	2
TNAAG	2
CNCAA	2
ANGGC	2
ANCAC	2
GNCGT	2
GNCTC	2
GNGAA	2
ANGCC	2
ANTCG	2
GNGTA	2
ANTGT	2
GNGTG	2
GNTAC	2
CNATG	2
GNTCG	2
GNTCT	2
TNAAA	2
GNTGC	2
ANGCA	2
GNTGG	2
GNTTC	2
GNTTG	2
CGNTT	2
GNTTT	2
CNGAC	2
CNGAA	2
CNCTA	2
CNCAC	2
CNTCA	2
TNCCC	2
ANGGG	2
CNTAC	2
GTNTT	2
CNAAT	2
CNGTG	2
TGNGA	2
TNCAA	2
ANCGG	2
ANGCG	2
GTNGG	2
TNAGC	2
CNGGG	2
CNGCT	2
CNAGG	2
CNGAG	2
GNACC	2
GNAGC	2
GNATC	2
ANCCT	2
CNATA	2
CGNCT	2
ANTTG	2
GNCAT	2
ANCTG	2
